[21:04:48] Initiated
[21:04:53] Started importing CSV file from: C:/Studia/Praca Inzynierska/Projekt/data/AirPassengers.csv
[21:04:58] Importing XLS columns (X/Y): Month/Passengers
[21:04:59] Created chart id = 0
[21:05:30] Displaying chart id = 0
[21:06:25] Displaying chart id = 0
[21:06:25] Displaying module: Oryginalne dane
[21:06:25] Displaying module: Dekompozycja na skladowe systematyczne
[21:06:30] Displaying chart id = 0
[21:06:30] Displaying module: Oryginalne dane
[21:06:30] Displaying module: Dekompozycja na skladowe systematyczne
[21:06:36] Displaying chart id = 0
[21:06:36] Displaying module: Oryginalne dane
[21:06:36] Displaying module: Dekompozycja na skladowe systematyczne
[21:06:38] Displaying chart id = 0
[21:06:38] Displaying module: Oryginalne dane
[21:06:38] Displaying module: Dekompozycja na skladowe systematyczne
[21:06:43] Displaying chart id = 0
[21:06:43] Displaying module: Oryginalne dane
[21:06:43] Displaying module: Dekompozycja na skladowe systematyczne
[21:06:45] Displaying chart id = 0
[21:06:45] Displaying module: Oryginalne dane
[21:06:45] Displaying module: Dekompozycja na skladowe systematyczne
[21:06:50] Displaying chart id = 0
[21:06:50] Displaying module: Oryginalne dane
[21:06:50] Displaying module: Dekompozycja na skladowe systematyczne
[21:06:59] Displaying chart id = 0
[21:06:59] Displaying module: Oryginalne dane
[21:06:59] Displaying module: Dekompozycja na skladowe systematyczne
[21:07:06] Displaying chart id = 0
[21:07:06] Displaying module: Oryginalne dane
[21:07:07] Displaying module: Dekompozycja na skladowe systematyczne
[21:07:16] Displaying chart id = 0
[21:07:16] Displaying module: Oryginalne dane
[21:07:16] Displaying module: Dekompozycja na skladowe systematyczne
[21:07:19] Displaying chart id = 0
[21:07:19] Displaying module: Dekompozycja na skladowe systematyczne
[21:07:33] Displaying chart id = 0
[21:07:33] Displaying module: Dekompozycja na skladowe systematyczne
[21:07:38] Displaying chart id = 0
[21:07:38] Displaying module: Dekompozycja na skladowe systematyczne
[21:08:09] Displaying chart id = 0
[21:08:09] Displaying module: Dekompozycja na skladowe systematyczne
[21:08:11] Displaying chart id = 0
[21:08:11] Displaying module: Dekompozycja na skladowe systematyczne
[21:08:14] Displaying chart id = 0
[21:08:14] Displaying module: Dekompozycja na skladowe systematyczne
[21:08:18] Displaying chart id = 0
[21:08:18] Displaying module: Dekompozycja na skladowe systematyczne
[21:10:13] Displaying chart id = 0
[21:10:13] Displaying module: Dekompozycja na skladowe systematyczne
[21:10:15] Displaying chart id = 0
[21:10:16] Displaying module: Dekompozycja na skladowe systematyczne
[21:10:20] Displaying chart id = 0
[21:10:20] Displaying module: Dekompozycja na skladowe systematyczne
[21:10:25] Displaying chart id = 0
[21:10:25] Displaying module: Dekompozycja na skladowe systematyczne
[21:10:29] Displaying chart id = 0
[21:10:29] Displaying module: Dekompozycja na skladowe systematyczne
[21:10:30] Displaying chart id = 0
[21:10:31] Displaying module: Dekompozycja na skladowe systematyczne
[21:10:33] Displaying chart id = 0
[21:10:33] Displaying module: Dekompozycja na skladowe systematyczne
[21:15:35] Displaying chart id = 0
[21:15:35] Displaying module: Dekompozycja na skladowe systematyczne
[21:15:50] Displaying chart id = 0
[21:15:50] Displaying module: Dekompozycja na skladowe systematyczne

